yarn run v1.22.10
$ concurrently --kill-others-on-fail "yarn server"  "yarn client"
[0] $ node ./server/server.js
[1] $ cd src && yarn start
[0] Example app listening on port : 5000
[1] $ react-scripts start
[1] [HPM] Proxy created: /  -> http://localhost:5000
[1] [34mℹ[39m [90m｢wds｣[39m: Project is running at http://10.0.2.15/
[1] [34mℹ[39m [90m｢wds｣[39m: webpack output is served from 
[1] [34mℹ[39m [90m｢wds｣[39m: Content not from webpack is served from /root/design/public
[1] [34mℹ[39m [90m｢wds｣[39m: 404s will fallback to /
[1] Starting the development server...
[1] 
[0] yarn server exited with code SIGINT
[1] yarn client exited with code SIGINT
yarn run v1.22.10
$ concurrently --kill-others-on-fail "yarn server"  "yarn client"
[0] $ node ./server/server.js
[1] $ cd src && yarn start
[0] Example app listening on port : 5000
[1] $ react-scripts start
[1] [HPM] Proxy created: /  -> http://localhost:5000
[1] [34mℹ[39m [90m｢wds｣[39m: Project is running at http://10.0.2.15/
[1] [34mℹ[39m [90m｢wds｣[39m: webpack output is served from 
[1] [34mℹ[39m [90m｢wds｣[39m: Content not from webpack is served from /root/design/public
[1] [34mℹ[39m [90m｢wds｣[39m: 404s will fallback to /
[1] Starting the development server...
[1] 
[1] Compiled successfully!
[1] 
[1] You can now view gogo-react in the browser.
[1] 
[1]   Local:            http://localhost:3000
[1]   On Your Network:  http://10.0.2.15:3000
[1] 
[1] Note that the development build is not optimized.
[1] To create a production build, use yarn build.
[1] 
[1] error Command failed with signal "SIGKILL".
[1] info Visit https://yarnpkg.com/en/docs/cli/run for documentation about this command.
[1] error Command failed with exit code 1.
[1] info Visit https://yarnpkg.com/en/docs/cli/run for documentation about this command.
[1] yarn client exited with code 1
--> Sending SIGTERM to other processes..
[0] yarn server exited with code 1
error Command failed with exit code 1.
info Visit https://yarnpkg.com/en/docs/cli/run for documentation about this command.
